============================= test session starts =============================
platform win32 -- Python 3.14.6, pytest-9.1.1, pluggy-1.6.0 -- C:\Users\harsh\Code\Veridex\.venv\Scripts\python.exe
cachedir: .pytest_cache
hypothesis profile 'default'
rootdir: C:\Users\harsh\Code\Veridex
configfile: pyproject.toml
plugins: anyio-4.15.1, hypothesis-6.168.0, cov-7.1.0, typeguard-4.6.0
collecting ... collected 66 items

tests/integration/test_simulation_reproducibility.py::test_byte_identical_trades_same_seed PASSED [  1%]
tests/integration/test_simulation_reproducibility.py::test_different_seeds_produce_different_trades PASSED [  3%]
tests/integration/test_simulation_reproducibility.py::test_ohlcv_reproducible_same_seed PASSED [  4%]
tests/integration/test_zero_persona_run.py::test_zero_persona_run_completes PASSED [  6%]
tests/integration/test_zero_persona_run.py::test_zero_persona_produces_valid_empty_manipulation_events PASSED [  7%]
tests/integration/test_zero_persona_run.py::test_zero_persona_trade_log_still_populated FAILED [  9%]
tests/integration/test_zero_persona_run.py::test_zero_persona_schema_validates PASSED [ 10%]
tests/property/test_order_book_invariants.py::test_volume_conservation PASSED [ 12%]
tests/property/test_order_book_invariants.py::test_trade_quantities_positive PASSED [ 13%]
tests/property/test_order_book_invariants.py::test_execution_prices_positive PASSED [ 15%]
tests/property/test_order_book_invariants.py::test_book_never_inverted PASSED [ 16%]
tests/property/test_order_book_invariants.py::test_trade_ids_globally_unique PASSED [ 18%]
tests/unit/test_agents.py::TestNoiseTrader::test_returns_none_on_inactive_tick PASSED [ 19%]
tests/unit/test_agents.py::TestNoiseTrader::test_returns_order_on_active_tick PASSED [ 21%]
tests/unit/test_agents.py::TestNoiseTrader::test_order_price_positive PASSED [ 22%]
tests/unit/test_agents.py::TestNoiseTrader::test_order_quantity_positive PASSED [ 24%]
tests/unit/test_agents.py::TestNoiseTrader::test_empty_book_returns_none PASSED [ 25%]
tests/unit/test_agents.py::TestNoiseTrader::test_deterministic_with_same_seed PASSED [ 27%]
tests/unit/test_agents.py::TestNoiseTrader::test_trader_id_on_returned_order PASSED [ 28%]
tests/unit/test_agents.py::TestMomentumTrader::test_returns_none_without_price_history PASSED [ 30%]
tests/unit/test_agents.py::TestMomentumTrader::test_returns_none_on_inactive_tick PASSED [ 31%]
tests/unit/test_agents.py::TestMomentumTrader::test_buys_on_uptrend PASSED [ 33%]
tests/unit/test_agents.py::TestMomentumTrader::test_sells_on_downtrend PASSED [ 34%]
tests/unit/test_agents.py::TestMomentumTrader::test_no_action_on_flat_market PASSED [ 36%]
tests/unit/test_agents.py::TestMomentumTrader::test_order_quantity_positive PASSED [ 37%]
tests/unit/test_agents.py::TestMeanReversionTrader::test_returns_none_without_fundamental PASSED [ 39%]
tests/unit/test_agents.py::TestMeanReversionTrader::test_buys_when_price_below_fundamental PASSED [ 40%]
tests/unit/test_agents.py::TestMeanReversionTrader::test_sells_when_price_above_fundamental PASSED [ 42%]
tests/unit/test_agents.py::TestMeanReversionTrader::test_no_action_near_fundamental PASSED [ 43%]
tests/unit/test_agents.py::TestMeanReversionTrader::test_empty_book_returns_none PASSED [ 45%]
tests/unit/test_agents.py::TestMeanReversionTrader::test_order_price_positive PASSED [ 46%]
tests/unit/test_agents.py::TestMarketMaker::test_decide_pair_returns_bid_and_ask PASSED [ 48%]
tests/unit/test_agents.py::TestMarketMaker::test_bid_below_ask PASSED    [ 50%]
tests/unit/test_agents.py::TestMarketMaker::test_requote_cancels_previous PASSED [ 51%]
tests/unit/test_agents.py::TestMarketMaker::test_inventory_skew_direction PASSED [ 53%]
tests/unit/test_agents.py::TestMarketMaker::test_empty_book_returns_empty_on_inactive PASSED [ 54%]
tests/unit/test_agents.py::TestMarketMaker::test_all_order_prices_positive PASSED [ 56%]
tests/unit/test_order_book.py::TestPriceTimePriority::test_best_bid_is_highest_price PASSED [ 57%]
tests/unit/test_order_book.py::TestPriceTimePriority::test_best_ask_is_lowest_price PASSED [ 59%]
tests/unit/test_order_book.py::TestPriceTimePriority::test_time_priority_at_same_price PASSED [ 60%]
tests/unit/test_order_book.py::TestPriceTimePriority::test_spread_preserved PASSED [ 62%]
tests/unit/test_order_book.py::TestMultiLevelWalk::test_sweep_two_ask_levels PASSED [ 63%]
tests/unit/test_order_book.py::TestMultiLevelWalk::test_partial_sweep_leaves_remainder_resting PASSED [ 65%]
tests/unit/test_order_book.py::TestMultiLevelWalk::test_sweep_three_levels_correct_quantities PASSED [ 66%]
tests/unit/test_order_book.py::TestPartialFills::test_incoming_buy_partially_filled PASSED [ 68%]
tests/unit/test_order_book.py::TestPartialFills::test_resting_order_partially_filled PASSED [ 69%]
tests/unit/test_order_book.py::TestCancelEdgeCases::test_cancel_resting_order PASSED [ 71%]
tests/unit/test_order_book.py::TestCancelEdgeCases::test_cancel_already_filled_order_no_exception PASSED [ 72%]
tests/unit/test_order_book.py::TestCancelEdgeCases::test_cancel_unknown_order_id_no_exception PASSED [ 74%]
tests/unit/test_order_book.py::TestCancelEdgeCases::test_double_cancel_second_is_rejected PASSED [ 75%]
tests/unit/test_order_book.py::TestZeroNegativeQuantity::test_zero_quantity_raises_in_test_mode PASSED [ 77%]
tests/unit/test_order_book.py::TestZeroNegativeQuantity::test_negative_quantity_raises_in_test_mode PASSED [ 78%]
tests/unit/test_order_book.py::TestZeroNegativeQuantity::test_zero_price_raises_in_test_mode PASSED [ 80%]
tests/unit/test_order_book.py::TestEmptyBook::test_empty_book_best_bid_is_none PASSED [ 81%]
tests/unit/test_order_book.py::TestEmptyBook::test_empty_book_best_ask_is_none PASSED [ 83%]
tests/unit/test_order_book.py::TestEmptyBook::test_empty_book_state_mid_is_none PASSED [ 84%]
tests/unit/test_order_book.py::TestEmptyBook::test_sell_into_empty_book_rests PASSED [ 86%]
tests/unit/test_order_book.py::TestMatchingCorrectness::test_simple_buy_sell_cross PASSED [ 87%]
tests/unit/test_order_book.py::TestMatchingCorrectness::test_execution_at_resting_price_not_incoming PASSED [ 89%]
tests/unit/test_order_book.py::TestMatchingCorrectness::test_no_cross_does_not_match PASSED [ 90%]
tests/unit/test_order_book.py::TestMatchingCorrectness::test_trade_ids_are_unique PASSED [ 92%]
tests/unit/test_order_book.py::TestMatchingCorrectness::test_book_empty_after_full_match PASSED [ 93%]
tests/unit/test_schemas.py::test_trade_log_schema_valid PASSED           [ 95%]
tests/unit/test_schemas.py::test_trade_log_schema_invalid_price PASSED   [ 96%]
tests/unit/test_schemas.py::test_order_log_schema_valid FAILED           [ 98%]
tests/unit/test_schemas.py::test_manipulation_events_schema_empty_valid PASSED [100%]

================================== FAILURES ===================================
_________________ test_zero_persona_trade_log_still_populated _________________
tests\integration\test_zero_persona_run.py:80: in test_zero_persona_trade_log_still_populated
    assert len(out.trade_log) > 0, (
E   AssertionError: trade_log is empty in a zero-persona run — legitimate agents (noise, momentum, market maker) should produce trades.
E   assert 0 > 0
E    +  where 0 = len(Empty DataFrame\nColumns: [trade_id, tick, price, quantity, buyer_trader_id, seller_trader_id]\nIndex: [])
E    +    where Empty DataFrame\nColumns: [trade_id, tick, price, quantity, buyer_trader_id, seller_trader_id]\nIndex: [] = SimulationOutput(run_id='20260914T062754Z_42', run_dir=WindowsPath('C:/Users/harsh/AppData/Local/Temp/pytest-of-harsh/pytest-1/test_zero_persona_trade_log_st0/runs/20260914T062754Z_42'), trade_log=Empty DataFrame\nColumns: [trade_id, tick, price, quantity, buyer_trader_id, seller_trader_id]\nIndex: [], order_log=Empty DataFrame\nColumns: [order_id, trader_id, side, price, quantity, tick, event_type]\nIndex: [], manipulation_events=Empty DataFrame\nColumns: [event_id, persona, start_tick, end_tick, trader_ids, parameters]\nIndex: [], ohlcv_bars=Empty DataFrame\nColumns: [bar_start, open, high, low, close, volume]\nIndex: [], config=SimConfig(n_ticks=200, ticks_per_bar=20, fundamental_value_initial=100.0, fundamental_value_drift=0.0001, fundamental_value_vol=0.002, n_noise_traders=5, n_momentum_traders=2, n_mean_reversion_traders=2, n_market_makers=1, noise_lambda=0.6, momentum_lambda=0.3, momentum_lookback=20, momentum_threshold=0.002, reversion_lambda=0.25, reversion_threshold=0.005, market_maker_lambda=0.95, market_maker_spread=2.0, enable_spoofing=False, enable_wash_trading=False, enable_pump_and_dump=False, enable_layering=False, spoof_start_tick=2000, spoof_end_tick=4000, spoof_size_multiplier=8.0, spoof_cancel_delay=5, spoof_frequency=0.4, spoof_aggressiveness=0.003, wash_start_tick=1000, wash_end_tick=3000, wash_frequency=0.5, wash_price_deviation=0.001, wash_n_pairs=1, pnd_start_tick=5000, pnd_end_tick=7000, pnd_burst_duration=200, pnd_n_accounts=3, pnd_dump_delay=300, pnd_accumulation_size=150, layer_start_tick=3000, layer_end_tick=5000, layer_n_layers=4, layer_spacing=0.002, layer_cancel_delay=3, data_dir=WindowsPath('C:/Users/harsh/AppData/Local/Temp/pytest-of-harsh/pytest-1/test_zero_persona_trade_log_st0'), overwrite=True)).trade_log
---------------------------- Captured stdout call -----------------------------
2026-09-14 11:57:54 | INFO     | src.core.simulation:385 | Starting simulation: run_id=20260914T062754Z_42, seed=42, n_ticks=200
2026-09-14 11:57:54 | INFO     | src.core.simulation:494 | Run complete: 0 trades, 0 order events, 0 manipulation episodes
------------------------------ Captured log call ------------------------------
INFO     src.core.simulation:simulation.py:385 Starting simulation: run_id=20260914T062754Z_42, seed=42, n_ticks=200
INFO     src.core.simulation:simulation.py:494 Run complete: 0 trades, 0 order events, 0 manipulation episodes
_________________________ test_order_log_schema_valid _________________________
tests\unit\test_schemas.py:66: in test_order_log_schema_valid
    df = df.astype({
.venv\Lib\site-packages\pandas\core\generic.py:6642: in astype
    res_col = col.astype(dtype=cdt, copy=copy, errors=errors)
              ^^^^^^^^^^^^^^^^^^^^^^^^^^^^^^^^^^^^^^^^^^^^^^^
.venv\Lib\site-packages\pandas\core\generic.py:6665: in astype
    new_data = self._mgr.astype(dtype=dtype, copy=copy, errors=errors)
               ^^^^^^^^^^^^^^^^^^^^^^^^^^^^^^^^^^^^^^^^^^^^^^^^^^^^^^^
.venv\Lib\site-packages\pandas\core\internals\managers.py:449: in astype
    return self.apply(
.venv\Lib\site-packages\pandas\core\internals\managers.py:363: in apply
    applied = getattr(b, f)(**kwargs)
              ^^^^^^^^^^^^^^^^^^^^^^^
.venv\Lib\site-packages\pandas\core\internals\blocks.py:784: in astype
    new_values = astype_array_safe(values, dtype, copy=copy, errors=errors)
                 ^^^^^^^^^^^^^^^^^^^^^^^^^^^^^^^^^^^^^^^^^^^^^^^^^^^^^^^^^^
.venv\Lib\site-packages\pandas\core\dtypes\astype.py:237: in astype_array_safe
    new_values = astype_array(values, dtype, copy=copy)
                 ^^^^^^^^^^^^^^^^^^^^^^^^^^^^^^^^^^^^^^
.venv\Lib\site-packages\pandas\core\dtypes\astype.py:182: in astype_array
    values = _astype_nansafe(values, dtype, copy=copy)
             ^^^^^^^^^^^^^^^^^^^^^^^^^^^^^^^^^^^^^^^^^
.venv\Lib\site-packages\pandas\core\dtypes\astype.py:133: in _astype_nansafe
    return arr.astype(dtype, copy=True)
           ^^^^^^^^^^^^^^^^^^^^^^^^^^^^
E   TypeError: float() argument must be a string or a real number, not 'NAType'
============================== warnings summary ===============================
.venv\Lib\site-packages\pandera\_pandas_deprecated.py:155
  C:\Users\harsh\Code\Veridex\.venv\Lib\site-packages\pandera\_pandas_deprecated.py:155: FutureWarning: Importing pandas-specific classes and functions from the
  top-level pandera module will be **removed in a future version of pandera**.
  If you're using pandera to validate pandas objects, we highly recommend updating
  your import:
  
  ```
  # old import
  import pandera as pa
  
  # new import
  import pandera.pandas as pa
  ```
  
  If you're using pandera to validate objects from other compatible libraries
  like pyspark or polars, see the supported libraries section of the documentation
  for more information on how to import pandera:
  
  https://pandera.readthedocs.io/en/stable/supported_libraries.html
  
  To disable this warning, set the environment variable:
  
  ```
  export DISABLE_PANDERA_IMPORT_WARNING=True
  ```
  
    warnings.warn(_future_warning, FutureWarning)

-- Docs: https://docs.pytest.org/en/stable/how-to/capture-warnings.html
=========================== short test summary info ===========================
FAILED tests/integration/test_zero_persona_run.py::test_zero_persona_trade_log_still_populated - AssertionError: trade_log is empty in a zero-persona run — legitimate agents (noise, momentum, market maker) should produce trades.
assert 0 > 0
 +  where 0 = len(Empty DataFrame\nColumns: [trade_id, tick, price, quantity, buyer_trader_id, seller_trader_id]\nIndex: [])
 +    where Empty DataFrame\nColumns: [trade_id, tick, price, quantity, buyer_trader_id, seller_trader_id]\nIndex: [] = SimulationOutput(run_id='20260914T062754Z_42', run_dir=WindowsPath('C:/Users/harsh/AppData/Local/Temp/pytest-of-harsh/pytest-1/test_zero_persona_trade_log_st0/runs/20260914T062754Z_42'), trade_log=Empty DataFrame\nColumns: [trade_id, tick, price, quantity, buyer_trader_id, seller_trader_id]\nIndex: [], order_log=Empty DataFrame\nColumns: [order_id, trader_id, side, price, quantity, tick, event_type]\nIndex: [], manipulation_events=Empty DataFrame\nColumns: [event_id, persona, start_tick, end_tick, trader_ids, parameters]\nIndex: [], ohlcv_bars=Empty DataFrame\nColumns: [bar_start, open, high, low, close, volume]\nIndex: [], config=SimConfig(n_ticks=200, ticks_per_bar=20, fundamental_value_initial=100.0, fundamental_value_drift=0.0001, fundamental_value_vol=0.002, n_noise_traders=5, n_momentum_traders=2, n_mean_reversion_traders=2, n_market_makers=1, noise_lambda=0.6, momentum_lambda=0.3, momentum_lookback=20, momentum_threshold=0.002, reversion_lambda=0.25, reversion_threshold=0.005, market_maker_lambda=0.95, market_maker_spread=2.0, enable_spoofing=False, enable_wash_trading=False, enable_pump_and_dump=False, enable_layering=False, spoof_start_tick=2000, spoof_end_tick=4000, spoof_size_multiplier=8.0, spoof_cancel_delay=5, spoof_frequency=0.4, spoof_aggressiveness=0.003, wash_start_tick=1000, wash_end_tick=3000, wash_frequency=0.5, wash_price_deviation=0.001, wash_n_pairs=1, pnd_start_tick=5000, pnd_end_tick=7000, pnd_burst_duration=200, pnd_n_accounts=3, pnd_dump_delay=300, pnd_accumulation_size=150, layer_start_tick=3000, layer_end_tick=5000, layer_n_layers=4, layer_spacing=0.002, layer_cancel_delay=3, data_dir=WindowsPath('C:/Users/harsh/AppData/Local/Temp/pytest-of-harsh/pytest-1/test_zero_persona_trade_log_st0'), overwrite=True)).trade_log
FAILED tests/unit/test_schemas.py::test_order_log_schema_valid - TypeError: float() argument must be a string or a real number, not 'NAType'
================== 2 failed, 64 passed, 1 warning in 25.01s ===================
