============================= test session starts =============================
platform win32 -- Python 3.14.6, pytest-9.1.1, pluggy-1.6.0 -- C:\Users\harsh\Code\Veridex\.venv\Scripts\python.exe
cachedir: .pytest_cache
hypothesis profile 'default'
rootdir: C:\Users\harsh\Code\Veridex
configfile: pyproject.toml
plugins: anyio-4.15.1, hypothesis-6.168.0, cov-7.1.0, typeguard-4.6.0
collecting ... collected 66 items

tests/integration/test_simulation_reproducibility.py::test_byte_identical_trades_same_seed FAILED [  1%]
tests/integration/test_simulation_reproducibility.py::test_different_seeds_produce_different_trades FAILED [  3%]
tests/integration/test_simulation_reproducibility.py::test_ohlcv_reproducible_same_seed FAILED [  4%]
tests/integration/test_zero_persona_run.py::test_zero_persona_run_completes FAILED [  6%]
tests/integration/test_zero_persona_run.py::test_zero_persona_produces_valid_empty_manipulation_events FAILED [  7%]
tests/integration/test_zero_persona_run.py::test_zero_persona_trade_log_still_populated FAILED [  9%]
tests/integration/test_zero_persona_run.py::test_zero_persona_schema_validates FAILED [ 10%]
tests/property/test_order_book_invariants.py::test_volume_conservation PASSED [ 12%]
tests/property/test_order_book_invariants.py::test_trade_quantities_positive PASSED [ 13%]
tests/property/test_order_book_invariants.py::test_execution_prices_positive PASSED [ 15%]
tests/property/test_order_book_invariants.py::test_book_never_inverted PASSED [ 16%]
tests/property/test_order_book_invariants.py::test_trade_ids_globally_unique PASSED [ 18%]
tests/unit/test_agents.py::TestNoiseTrader::test_returns_none_on_inactive_tick PASSED [ 19%]
tests/unit/test_agents.py::TestNoiseTrader::test_returns_order_on_active_tick PASSED [ 21%]
tests/unit/test_agents.py::TestNoiseTrader::test_order_price_positive PASSED [ 22%]
tests/unit/test_agents.py::TestNoiseTrader::test_order_quantity_positive PASSED [ 24%]
tests/unit/test_agents.py::TestNoiseTrader::test_empty_book_returns_none PASSED [ 25%]
tests/unit/test_agents.py::TestNoiseTrader::test_deterministic_with_same_seed PASSED [ 27%]
tests/unit/test_agents.py::TestNoiseTrader::test_trader_id_on_returned_order PASSED [ 28%]
tests/unit/test_agents.py::TestMomentumTrader::test_returns_none_without_price_history PASSED [ 30%]
tests/unit/test_agents.py::TestMomentumTrader::test_returns_none_on_inactive_tick PASSED [ 31%]
tests/unit/test_agents.py::TestMomentumTrader::test_buys_on_uptrend PASSED [ 33%]
tests/unit/test_agents.py::TestMomentumTrader::test_sells_on_downtrend PASSED [ 34%]
tests/unit/test_agents.py::TestMomentumTrader::test_no_action_on_flat_market PASSED [ 36%]
tests/unit/test_agents.py::TestMomentumTrader::test_order_quantity_positive PASSED [ 37%]
tests/unit/test_agents.py::TestMeanReversionTrader::test_returns_none_without_fundamental PASSED [ 39%]
tests/unit/test_agents.py::TestMeanReversionTrader::test_buys_when_price_below_fundamental PASSED [ 40%]
tests/unit/test_agents.py::TestMeanReversionTrader::test_sells_when_price_above_fundamental PASSED [ 42%]
tests/unit/test_agents.py::TestMeanReversionTrader::test_no_action_near_fundamental PASSED [ 43%]
tests/unit/test_agents.py::TestMeanReversionTrader::test_empty_book_returns_none PASSED [ 45%]
tests/unit/test_agents.py::TestMeanReversionTrader::test_order_price_positive PASSED [ 46%]
tests/unit/test_agents.py::TestMarketMaker::test_decide_pair_returns_bid_and_ask PASSED [ 48%]
tests/unit/test_agents.py::TestMarketMaker::test_bid_below_ask PASSED    [ 50%]
tests/unit/test_agents.py::TestMarketMaker::test_requote_cancels_previous PASSED [ 51%]
tests/unit/test_agents.py::TestMarketMaker::test_inventory_skew_direction PASSED [ 53%]
tests/unit/test_agents.py::TestMarketMaker::test_empty_book_returns_empty_on_inactive PASSED [ 54%]
tests/unit/test_agents.py::TestMarketMaker::test_all_order_prices_positive PASSED [ 56%]
tests/unit/test_order_book.py::TestPriceTimePriority::test_best_bid_is_highest_price PASSED [ 57%]
tests/unit/test_order_book.py::TestPriceTimePriority::test_best_ask_is_lowest_price PASSED [ 59%]
tests/unit/test_order_book.py::TestPriceTimePriority::test_time_priority_at_same_price PASSED [ 60%]
tests/unit/test_order_book.py::TestPriceTimePriority::test_spread_preserved PASSED [ 62%]
tests/unit/test_order_book.py::TestMultiLevelWalk::test_sweep_two_ask_levels PASSED [ 63%]
tests/unit/test_order_book.py::TestMultiLevelWalk::test_partial_sweep_leaves_remainder_resting PASSED [ 65%]
tests/unit/test_order_book.py::TestMultiLevelWalk::test_sweep_three_levels_correct_quantities PASSED [ 66%]
tests/unit/test_order_book.py::TestPartialFills::test_incoming_buy_partially_filled PASSED [ 68%]
tests/unit/test_order_book.py::TestPartialFills::test_resting_order_partially_filled PASSED [ 69%]
tests/unit/test_order_book.py::TestCancelEdgeCases::test_cancel_resting_order PASSED [ 71%]
tests/unit/test_order_book.py::TestCancelEdgeCases::test_cancel_already_filled_order_no_exception PASSED [ 72%]
tests/unit/test_order_book.py::TestCancelEdgeCases::test_cancel_unknown_order_id_no_exception PASSED [ 74%]
tests/unit/test_order_book.py::TestCancelEdgeCases::test_double_cancel_second_is_rejected PASSED [ 75%]
tests/unit/test_order_book.py::TestZeroNegativeQuantity::test_zero_quantity_raises_in_test_mode PASSED [ 77%]
tests/unit/test_order_book.py::TestZeroNegativeQuantity::test_negative_quantity_raises_in_test_mode PASSED [ 78%]
tests/unit/test_order_book.py::TestZeroNegativeQuantity::test_zero_price_raises_in_test_mode PASSED [ 80%]
tests/unit/test_order_book.py::TestEmptyBook::test_empty_book_best_bid_is_none PASSED [ 81%]
tests/unit/test_order_book.py::TestEmptyBook::test_empty_book_best_ask_is_none PASSED [ 83%]
tests/unit/test_order_book.py::TestEmptyBook::test_empty_book_state_mid_is_none PASSED [ 84%]
tests/unit/test_order_book.py::TestEmptyBook::test_sell_into_empty_book_rests PASSED [ 86%]
tests/unit/test_order_book.py::TestMatchingCorrectness::test_simple_buy_sell_cross PASSED [ 87%]
tests/unit/test_order_book.py::TestMatchingCorrectness::test_execution_at_resting_price_not_incoming PASSED [ 89%]
tests/unit/test_order_book.py::TestMatchingCorrectness::test_no_cross_does_not_match PASSED [ 90%]
tests/unit/test_order_book.py::TestMatchingCorrectness::test_trade_ids_are_unique PASSED [ 92%]
tests/unit/test_order_book.py::TestMatchingCorrectness::test_book_empty_after_full_match PASSED [ 93%]
tests/unit/test_schemas.py::test_trade_log_schema_valid PASSED           [ 95%]
tests/unit/test_schemas.py::test_trade_log_schema_invalid_price PASSED   [ 96%]
tests/unit/test_schemas.py::test_order_log_schema_valid FAILED           [ 98%]
tests/unit/test_schemas.py::test_manipulation_events_schema_empty_valid FAILED [100%]

================================== FAILURES ===================================
____________________ test_byte_identical_trades_same_seed _____________________
tests\integration\test_simulation_reproducibility.py:62: in test_byte_identical_trades_same_seed
    out1 = run_simulation(minimal_config, seed=seed)
           ^^^^^^^^^^^^^^^^^^^^^^^^^^^^^^^^^^^^^^^^^
src\core\simulation.py:494: in run_simulation
    io_utils.write_parquet(bars_df, run_dir / "ohlcv_bars.parquet", "ohlcv_bars", overwrite=True)
src\utils\io.py:76: in write_parquet
    validated_df = validate(df, schema_name)
                   ^^^^^^^^^^^^^^^^^^^^^^^^^
src\utils\schemas.py:420: in validate
    return schema_cls.validate(df, lazy=True)
           ^^^^^^^^^^^^^^^^^^^^^^^^^^^^^^^^^^
.venv\Lib\site-packages\pandera\api\pandas\model.py:251: in validate
    cls.to_schema().validate(
.venv\Lib\site-packages\pandera\api\pandas\container.py:218: in validate
    return self._validate(
.venv\Lib\site-packages\pandera\api\pandas\container.py:238: in _validate
    return self.get_backend(check_obj).validate(
.venv\Lib\site-packages\pandera\backends\pandas\container.py:150: in validate
    raise SchemaErrors(
E   pandera.errors.SchemaErrors: {
E       "SCHEMA": {
E           "WRONG_DATATYPE": [
E               {
E                   "schema": "ohlcv_bars",
E                   "column": "bar_start",
E                   "check": "dtype('int64')",
E                   "error": "expected series 'bar_start' to have type int64, got object"
E               },
E               {
E                   "schema": "ohlcv_bars",
E                   "column": "open",
E                   "check": "dtype('float64')",
E                   "error": "expected series 'open' to have type float64, got object"
E               },
E               {
E                   "schema": "ohlcv_bars",
E                   "column": "high",
E                   "check": "dtype('float64')",
E                   "error": "expected series 'high' to have type float64, got object"
E               },
E               {
E                   "schema": "ohlcv_bars",
E                   "column": "low",
E                   "check": "dtype('float64')",
E                   "error": "expected series 'low' to have type float64, got object"
E               },
E               {
E                   "schema": "ohlcv_bars",
E                   "column": "close",
E                   "check": "dtype('float64')",
E                   "error": "expected series 'close' to have type float64, got object"
E               },
E               {
E                   "schema": "ohlcv_bars",
E                   "column": "volume",
E                   "check": "dtype('int64')",
E                   "error": "expected series 'volume' to have type int64, got object"
E               }
E           ]
E       }
E   }
---------------------------- Captured stdout call -----------------------------
2026-09-14 11:55:59 | INFO     | src.core.simulation:377 | Starting simulation: run_id=20260914T062559Z_42, seed=42, n_ticks=500
2026-09-14 11:55:59 | INFO     | src.core.simulation:486 | Run complete: 0 trades, 0 order events, 2 manipulation episodes
2026-09-14 11:56:00 | ERROR    | src.utils.io:78 | Schema validation failed for 'ohlcv_bars' before write to C:\Users\harsh\AppData\Local\Temp\pytest-of-harsh\pytest-0\test_byte_identical_trades_sam0\runs\20260914T062559Z_42\ohlcv_bars.parquet:
      column failure_case index schema_context             check check_number
0  bar_start       object  None         Column    dtype('int64')         None
1       open       object  None         Column  dtype('float64')         None
2       high       object  None         Column  dtype('float64')         None
3        low       object  None         Column  dtype('float64')         None
4      close       object  None         Column  dtype('float64')         None
5     volume       object  None         Column    dtype('int64')         None
------------------------------ Captured log call ------------------------------
INFO     src.core.simulation:simulation.py:377 Starting simulation: run_id=20260914T062559Z_42, seed=42, n_ticks=500
INFO     src.core.simulation:simulation.py:486 Run complete: 0 trades, 0 order events, 2 manipulation episodes
ERROR    src.utils.io:io.py:78 Schema validation failed for 'ohlcv_bars' before write to C:\Users\harsh\AppData\Local\Temp\pytest-of-harsh\pytest-0\test_byte_identical_trades_sam0\runs\20260914T062559Z_42\ohlcv_bars.parquet:
      column failure_case index schema_context             check check_number
0  bar_start       object  None         Column    dtype('int64')         None
1       open       object  None         Column  dtype('float64')         None
2       high       object  None         Column  dtype('float64')         None
3        low       object  None         Column  dtype('float64')         None
4      close       object  None         Column  dtype('float64')         None
5     volume       object  None         Column    dtype('int64')         None
________________ test_different_seeds_produce_different_trades ________________
tests\integration\test_simulation_reproducibility.py:88: in test_different_seeds_produce_different_trades
    out1 = run_simulation(minimal_config, seed=1)
           ^^^^^^^^^^^^^^^^^^^^^^^^^^^^^^^^^^^^^^
src\core\simulation.py:494: in run_simulation
    io_utils.write_parquet(bars_df, run_dir / "ohlcv_bars.parquet", "ohlcv_bars", overwrite=True)
src\utils\io.py:76: in write_parquet
    validated_df = validate(df, schema_name)
                   ^^^^^^^^^^^^^^^^^^^^^^^^^
src\utils\schemas.py:420: in validate
    return schema_cls.validate(df, lazy=True)
           ^^^^^^^^^^^^^^^^^^^^^^^^^^^^^^^^^^
.venv\Lib\site-packages\pandera\api\pandas\model.py:251: in validate
    cls.to_schema().validate(
.venv\Lib\site-packages\pandera\api\pandas\container.py:218: in validate
    return self._validate(
.venv\Lib\site-packages\pandera\api\pandas\container.py:238: in _validate
    return self.get_backend(check_obj).validate(
.venv\Lib\site-packages\pandera\backends\pandas\container.py:150: in validate
    raise SchemaErrors(
E   pandera.errors.SchemaErrors: {
E       "SCHEMA": {
E           "WRONG_DATATYPE": [
E               {
E                   "schema": "ohlcv_bars",
E                   "column": "bar_start",
E                   "check": "dtype('int64')",
E                   "error": "expected series 'bar_start' to have type int64, got object"
E               },
E               {
E                   "schema": "ohlcv_bars",
E                   "column": "open",
E                   "check": "dtype('float64')",
E                   "error": "expected series 'open' to have type float64, got object"
E               },
E               {
E                   "schema": "ohlcv_bars",
E                   "column": "high",
E                   "check": "dtype('float64')",
E                   "error": "expected series 'high' to have type float64, got object"
E               },
E               {
E                   "schema": "ohlcv_bars",
E                   "column": "low",
E                   "check": "dtype('float64')",
E                   "error": "expected series 'low' to have type float64, got object"
E               },
E               {
E                   "schema": "ohlcv_bars",
E                   "column": "close",
E                   "check": "dtype('float64')",
E                   "error": "expected series 'close' to have type float64, got object"
E               },
E               {
E                   "schema": "ohlcv_bars",
E                   "column": "volume",
E                   "check": "dtype('int64')",
E                   "error": "expected series 'volume' to have type int64, got object"
E               }
E           ]
E       }
E   }
---------------------------- Captured stdout call -----------------------------
2026-09-14 11:56:00 | INFO     | src.core.simulation:377 | Starting simulation: run_id=20260914T062600Z_1, seed=1, n_ticks=500
2026-09-14 11:56:00 | INFO     | src.core.simulation:486 | Run complete: 0 trades, 0 order events, 2 manipulation episodes
2026-09-14 11:56:00 | ERROR    | src.utils.io:78 | Schema validation failed for 'ohlcv_bars' before write to C:\Users\harsh\AppData\Local\Temp\pytest-of-harsh\pytest-0\test_different_seeds_produce_d0\runs\20260914T062600Z_1\ohlcv_bars.parquet:
      column failure_case index schema_context             check check_number
0  bar_start       object  None         Column    dtype('int64')         None
1       open       object  None         Column  dtype('float64')         None
2       high       object  None         Column  dtype('float64')         None
3        low       object  None         Column  dtype('float64')         None
4      close       object  None         Column  dtype('float64')         None
5     volume       object  None         Column    dtype('int64')         None
------------------------------ Captured log call ------------------------------
INFO     src.core.simulation:simulation.py:377 Starting simulation: run_id=20260914T062600Z_1, seed=1, n_ticks=500
INFO     src.core.simulation:simulation.py:486 Run complete: 0 trades, 0 order events, 2 manipulation episodes
ERROR    src.utils.io:io.py:78 Schema validation failed for 'ohlcv_bars' before write to C:\Users\harsh\AppData\Local\Temp\pytest-of-harsh\pytest-0\test_different_seeds_produce_d0\runs\20260914T062600Z_1\ohlcv_bars.parquet:
      column failure_case index schema_context             check check_number
0  bar_start       object  None         Column    dtype('int64')         None
1       open       object  None         Column  dtype('float64')         None
2       high       object  None         Column  dtype('float64')         None
3        low       object  None         Column  dtype('float64')         None
4      close       object  None         Column  dtype('float64')         None
5     volume       object  None         Column    dtype('int64')         None
______________________ test_ohlcv_reproducible_same_seed ______________________
tests\integration\test_simulation_reproducibility.py:107: in test_ohlcv_reproducible_same_seed
    out1 = run_simulation(minimal_config, seed=seed)
           ^^^^^^^^^^^^^^^^^^^^^^^^^^^^^^^^^^^^^^^^^
src\core\simulation.py:494: in run_simulation
    io_utils.write_parquet(bars_df, run_dir / "ohlcv_bars.parquet", "ohlcv_bars", overwrite=True)
src\utils\io.py:76: in write_parquet
    validated_df = validate(df, schema_name)
                   ^^^^^^^^^^^^^^^^^^^^^^^^^
src\utils\schemas.py:420: in validate
    return schema_cls.validate(df, lazy=True)
           ^^^^^^^^^^^^^^^^^^^^^^^^^^^^^^^^^^
.venv\Lib\site-packages\pandera\api\pandas\model.py:251: in validate
    cls.to_schema().validate(
.venv\Lib\site-packages\pandera\api\pandas\container.py:218: in validate
    return self._validate(
.venv\Lib\site-packages\pandera\api\pandas\container.py:238: in _validate
    return self.get_backend(check_obj).validate(
.venv\Lib\site-packages\pandera\backends\pandas\container.py:150: in validate
    raise SchemaErrors(
E   pandera.errors.SchemaErrors: {
E       "SCHEMA": {
E           "WRONG_DATATYPE": [
E               {
E                   "schema": "ohlcv_bars",
E                   "column": "bar_start",
E                   "check": "dtype('int64')",
E                   "error": "expected series 'bar_start' to have type int64, got object"
E               },
E               {
E                   "schema": "ohlcv_bars",
E                   "column": "open",
E                   "check": "dtype('float64')",
E                   "error": "expected series 'open' to have type float64, got object"
E               },
E               {
E                   "schema": "ohlcv_bars",
E                   "column": "high",
E                   "check": "dtype('float64')",
E                   "error": "expected series 'high' to have type float64, got object"
E               },
E               {
E                   "schema": "ohlcv_bars",
E                   "column": "low",
E                   "check": "dtype('float64')",
E                   "error": "expected series 'low' to have type float64, got object"
E               },
E               {
E                   "schema": "ohlcv_bars",
E                   "column": "close",
E                   "check": "dtype('float64')",
E                   "error": "expected series 'close' to have type float64, got object"
E               },
E               {
E                   "schema": "ohlcv_bars",
E                   "column": "volume",
E                   "check": "dtype('int64')",
E                   "error": "expected series 'volume' to have type int64, got object"
E               }
E           ]
E       }
E   }
---------------------------- Captured stdout call -----------------------------
2026-09-14 11:56:00 | INFO     | src.core.simulation:377 | Starting simulation: run_id=20260914T062600Z_99, seed=99, n_ticks=500
2026-09-14 11:56:00 | INFO     | src.core.simulation:486 | Run complete: 0 trades, 0 order events, 2 manipulation episodes
2026-09-14 11:56:00 | ERROR    | src.utils.io:78 | Schema validation failed for 'ohlcv_bars' before write to C:\Users\harsh\AppData\Local\Temp\pytest-of-harsh\pytest-0\test_ohlcv_reproducible_same_s0\runs\20260914T062600Z_99\ohlcv_bars.parquet:
      column failure_case index schema_context             check check_number
0  bar_start       object  None         Column    dtype('int64')         None
1       open       object  None         Column  dtype('float64')         None
2       high       object  None         Column  dtype('float64')         None
3        low       object  None         Column  dtype('float64')         None
4      close       object  None         Column  dtype('float64')         None
5     volume       object  None         Column    dtype('int64')         None
------------------------------ Captured log call ------------------------------
INFO     src.core.simulation:simulation.py:377 Starting simulation: run_id=20260914T062600Z_99, seed=99, n_ticks=500
INFO     src.core.simulation:simulation.py:486 Run complete: 0 trades, 0 order events, 2 manipulation episodes
ERROR    src.utils.io:io.py:78 Schema validation failed for 'ohlcv_bars' before write to C:\Users\harsh\AppData\Local\Temp\pytest-of-harsh\pytest-0\test_ohlcv_reproducible_same_s0\runs\20260914T062600Z_99\ohlcv_bars.parquet:
      column failure_case index schema_context             check check_number
0  bar_start       object  None         Column    dtype('int64')         None
1       open       object  None         Column  dtype('float64')         None
2       high       object  None         Column  dtype('float64')         None
3        low       object  None         Column  dtype('float64')         None
4      close       object  None         Column  dtype('float64')         None
5     volume       object  None         Column    dtype('int64')         None
_______________________ test_zero_persona_run_completes _______________________
tests\integration\test_zero_persona_run.py:44: in test_zero_persona_run_completes
    out = run_simulation(zero_persona_config, seed=42)
          ^^^^^^^^^^^^^^^^^^^^^^^^^^^^^^^^^^^^^^^^^^^^
src\core\simulation.py:494: in run_simulation
    io_utils.write_parquet(bars_df, run_dir / "ohlcv_bars.parquet", "ohlcv_bars", overwrite=True)
src\utils\io.py:76: in write_parquet
    validated_df = validate(df, schema_name)
                   ^^^^^^^^^^^^^^^^^^^^^^^^^
src\utils\schemas.py:420: in validate
    return schema_cls.validate(df, lazy=True)
           ^^^^^^^^^^^^^^^^^^^^^^^^^^^^^^^^^^
.venv\Lib\site-packages\pandera\api\pandas\model.py:251: in validate
    cls.to_schema().validate(
.venv\Lib\site-packages\pandera\api\pandas\container.py:218: in validate
    return self._validate(
.venv\Lib\site-packages\pandera\api\pandas\container.py:238: in _validate
    return self.get_backend(check_obj).validate(
.venv\Lib\site-packages\pandera\backends\pandas\container.py:150: in validate
    raise SchemaErrors(
E   pandera.errors.SchemaErrors: {
E       "SCHEMA": {
E           "WRONG_DATATYPE": [
E               {
E                   "schema": "ohlcv_bars",
E                   "column": "bar_start",
E                   "check": "dtype('int64')",
E                   "error": "expected series 'bar_start' to have type int64, got object"
E               },
E               {
E                   "schema": "ohlcv_bars",
E                   "column": "open",
E                   "check": "dtype('float64')",
E                   "error": "expected series 'open' to have type float64, got object"
E               },
E               {
E                   "schema": "ohlcv_bars",
E                   "column": "high",
E                   "check": "dtype('float64')",
E                   "error": "expected series 'high' to have type float64, got object"
E               },
E               {
E                   "schema": "ohlcv_bars",
E                   "column": "low",
E                   "check": "dtype('float64')",
E                   "error": "expected series 'low' to have type float64, got object"
E               },
E               {
E                   "schema": "ohlcv_bars",
E                   "column": "close",
E                   "check": "dtype('float64')",
E                   "error": "expected series 'close' to have type float64, got object"
E               },
E               {
E                   "schema": "ohlcv_bars",
E                   "column": "volume",
E                   "check": "dtype('int64')",
E                   "error": "expected series 'volume' to have type int64, got object"
E               }
E           ]
E       }
E   }
---------------------------- Captured stdout call -----------------------------
2026-09-14 11:56:00 | INFO     | src.core.simulation:377 | Starting simulation: run_id=20260914T062600Z_42, seed=42, n_ticks=200
2026-09-14 11:56:01 | INFO     | src.core.simulation:486 | Run complete: 0 trades, 0 order events, 0 manipulation episodes
2026-09-14 11:56:01 | ERROR    | src.utils.io:78 | Schema validation failed for 'ohlcv_bars' before write to C:\Users\harsh\AppData\Local\Temp\pytest-of-harsh\pytest-0\test_zero_persona_run_complete0\runs\20260914T062600Z_42\ohlcv_bars.parquet:
      column failure_case index schema_context             check check_number
0  bar_start       object  None         Column    dtype('int64')         None
1       open       object  None         Column  dtype('float64')         None
2       high       object  None         Column  dtype('float64')         None
3        low       object  None         Column  dtype('float64')         None
4      close       object  None         Column  dtype('float64')         None
5     volume       object  None         Column    dtype('int64')         None
------------------------------ Captured log call ------------------------------
INFO     src.core.simulation:simulation.py:377 Starting simulation: run_id=20260914T062600Z_42, seed=42, n_ticks=200
INFO     src.core.simulation:simulation.py:486 Run complete: 0 trades, 0 order events, 0 manipulation episodes
ERROR    src.utils.io:io.py:78 Schema validation failed for 'ohlcv_bars' before write to C:\Users\harsh\AppData\Local\Temp\pytest-of-harsh\pytest-0\test_zero_persona_run_complete0\runs\20260914T062600Z_42\ohlcv_bars.parquet:
      column failure_case index schema_context             check check_number
0  bar_start       object  None         Column    dtype('int64')         None
1       open       object  None         Column  dtype('float64')         None
2       high       object  None         Column  dtype('float64')         None
3        low       object  None         Column  dtype('float64')         None
4      close       object  None         Column  dtype('float64')         None
5     volume       object  None         Column    dtype('int64')         None
_________ test_zero_persona_produces_valid_empty_manipulation_events __________
tests\integration\test_zero_persona_run.py:55: in test_zero_persona_produces_valid_empty_manipulation_events
    out = run_simulation(zero_persona_config, seed=42)
          ^^^^^^^^^^^^^^^^^^^^^^^^^^^^^^^^^^^^^^^^^^^^
src\core\simulation.py:494: in run_simulation
    io_utils.write_parquet(bars_df, run_dir / "ohlcv_bars.parquet", "ohlcv_bars", overwrite=True)
src\utils\io.py:76: in write_parquet
    validated_df = validate(df, schema_name)
                   ^^^^^^^^^^^^^^^^^^^^^^^^^
src\utils\schemas.py:420: in validate
    return schema_cls.validate(df, lazy=True)
           ^^^^^^^^^^^^^^^^^^^^^^^^^^^^^^^^^^
.venv\Lib\site-packages\pandera\api\pandas\model.py:251: in validate
    cls.to_schema().validate(
.venv\Lib\site-packages\pandera\api\pandas\container.py:218: in validate
    return self._validate(
.venv\Lib\site-packages\pandera\api\pandas\container.py:238: in _validate
    return self.get_backend(check_obj).validate(
.venv\Lib\site-packages\pandera\backends\pandas\container.py:150: in validate
    raise SchemaErrors(
E   pandera.errors.SchemaErrors: {
E       "SCHEMA": {
E           "WRONG_DATATYPE": [
E               {
E                   "schema": "ohlcv_bars",
E                   "column": "bar_start",
E                   "check": "dtype('int64')",
E                   "error": "expected series 'bar_start' to have type int64, got object"
E               },
E               {
E                   "schema": "ohlcv_bars",
E                   "column": "open",
E                   "check": "dtype('float64')",
E                   "error": "expected series 'open' to have type float64, got object"
E               },
E               {
E                   "schema": "ohlcv_bars",
E                   "column": "high",
E                   "check": "dtype('float64')",
E                   "error": "expected series 'high' to have type float64, got object"
E               },
E               {
E                   "schema": "ohlcv_bars",
E                   "column": "low",
E                   "check": "dtype('float64')",
E                   "error": "expected series 'low' to have type float64, got object"
E               },
E               {
E                   "schema": "ohlcv_bars",
E                   "column": "close",
E                   "check": "dtype('float64')",
E                   "error": "expected series 'close' to have type float64, got object"
E               },
E               {
E                   "schema": "ohlcv_bars",
E                   "column": "volume",
E                   "check": "dtype('int64')",
E                   "error": "expected series 'volume' to have type int64, got object"
E               }
E           ]
E       }
E   }
---------------------------- Captured stdout call -----------------------------
2026-09-14 11:56:01 | INFO     | src.core.simulation:377 | Starting simulation: run_id=20260914T062601Z_42, seed=42, n_ticks=200
2026-09-14 11:56:01 | INFO     | src.core.simulation:486 | Run complete: 0 trades, 0 order events, 0 manipulation episodes
2026-09-14 11:56:01 | ERROR    | src.utils.io:78 | Schema validation failed for 'ohlcv_bars' before write to C:\Users\harsh\AppData\Local\Temp\pytest-of-harsh\pytest-0\test_zero_persona_produces_val0\runs\20260914T062601Z_42\ohlcv_bars.parquet:
      column failure_case index schema_context             check check_number
0  bar_start       object  None         Column    dtype('int64')         None
1       open       object  None         Column  dtype('float64')         None
2       high       object  None         Column  dtype('float64')         None
3        low       object  None         Column  dtype('float64')         None
4      close       object  None         Column  dtype('float64')         None
5     volume       object  None         Column    dtype('int64')         None
------------------------------ Captured log call ------------------------------
INFO     src.core.simulation:simulation.py:377 Starting simulation: run_id=20260914T062601Z_42, seed=42, n_ticks=200
INFO     src.core.simulation:simulation.py:486 Run complete: 0 trades, 0 order events, 0 manipulation episodes
ERROR    src.utils.io:io.py:78 Schema validation failed for 'ohlcv_bars' before write to C:\Users\harsh\AppData\Local\Temp\pytest-of-harsh\pytest-0\test_zero_persona_produces_val0\runs\20260914T062601Z_42\ohlcv_bars.parquet:
      column failure_case index schema_context             check check_number
0  bar_start       object  None         Column    dtype('int64')         None
1       open       object  None         Column  dtype('float64')         None
2       high       object  None         Column  dtype('float64')         None
3        low       object  None         Column  dtype('float64')         None
4      close       object  None         Column  dtype('float64')         None
5     volume       object  None         Column    dtype('int64')         None
_________________ test_zero_persona_trade_log_still_populated _________________
tests\integration\test_zero_persona_run.py:79: in test_zero_persona_trade_log_still_populated
    out = run_simulation(zero_persona_config, seed=42)
          ^^^^^^^^^^^^^^^^^^^^^^^^^^^^^^^^^^^^^^^^^^^^
src\core\simulation.py:494: in run_simulation
    io_utils.write_parquet(bars_df, run_dir / "ohlcv_bars.parquet", "ohlcv_bars", overwrite=True)
src\utils\io.py:76: in write_parquet
    validated_df = validate(df, schema_name)
                   ^^^^^^^^^^^^^^^^^^^^^^^^^
src\utils\schemas.py:420: in validate
    return schema_cls.validate(df, lazy=True)
           ^^^^^^^^^^^^^^^^^^^^^^^^^^^^^^^^^^
.venv\Lib\site-packages\pandera\api\pandas\model.py:251: in validate
    cls.to_schema().validate(
.venv\Lib\site-packages\pandera\api\pandas\container.py:218: in validate
    return self._validate(
.venv\Lib\site-packages\pandera\api\pandas\container.py:238: in _validate
    return self.get_backend(check_obj).validate(
.venv\Lib\site-packages\pandera\backends\pandas\container.py:150: in validate
    raise SchemaErrors(
E   pandera.errors.SchemaErrors: {
E       "SCHEMA": {
E           "WRONG_DATATYPE": [
E               {
E                   "schema": "ohlcv_bars",
E                   "column": "bar_start",
E                   "check": "dtype('int64')",
E                   "error": "expected series 'bar_start' to have type int64, got object"
E               },
E               {
E                   "schema": "ohlcv_bars",
E                   "column": "open",
E                   "check": "dtype('float64')",
E                   "error": "expected series 'open' to have type float64, got object"
E               },
E               {
E                   "schema": "ohlcv_bars",
E                   "column": "high",
E                   "check": "dtype('float64')",
E                   "error": "expected series 'high' to have type float64, got object"
E               },
E               {
E                   "schema": "ohlcv_bars",
E                   "column": "low",
E                   "check": "dtype('float64')",
E                   "error": "expected series 'low' to have type float64, got object"
E               },
E               {
E                   "schema": "ohlcv_bars",
E                   "column": "close",
E                   "check": "dtype('float64')",
E                   "error": "expected series 'close' to have type float64, got object"
E               },
E               {
E                   "schema": "ohlcv_bars",
E                   "column": "volume",
E                   "check": "dtype('int64')",
E                   "error": "expected series 'volume' to have type int64, got object"
E               }
E           ]
E       }
E   }
---------------------------- Captured stdout call -----------------------------
2026-09-14 11:56:01 | INFO     | src.core.simulation:377 | Starting simulation: run_id=20260914T062601Z_42, seed=42, n_ticks=200
2026-09-14 11:56:01 | INFO     | src.core.simulation:486 | Run complete: 0 trades, 0 order events, 0 manipulation episodes
2026-09-14 11:56:01 | ERROR    | src.utils.io:78 | Schema validation failed for 'ohlcv_bars' before write to C:\Users\harsh\AppData\Local\Temp\pytest-of-harsh\pytest-0\test_zero_persona_trade_log_st0\runs\20260914T062601Z_42\ohlcv_bars.parquet:
      column failure_case index schema_context             check check_number
0  bar_start       object  None         Column    dtype('int64')         None
1       open       object  None         Column  dtype('float64')         None
2       high       object  None         Column  dtype('float64')         None
3        low       object  None         Column  dtype('float64')         None
4      close       object  None         Column  dtype('float64')         None
5     volume       object  None         Column    dtype('int64')         None
------------------------------ Captured log call ------------------------------
INFO     src.core.simulation:simulation.py:377 Starting simulation: run_id=20260914T062601Z_42, seed=42, n_ticks=200
INFO     src.core.simulation:simulation.py:486 Run complete: 0 trades, 0 order events, 0 manipulation episodes
ERROR    src.utils.io:io.py:78 Schema validation failed for 'ohlcv_bars' before write to C:\Users\harsh\AppData\Local\Temp\pytest-of-harsh\pytest-0\test_zero_persona_trade_log_st0\runs\20260914T062601Z_42\ohlcv_bars.parquet:
      column failure_case index schema_context             check check_number
0  bar_start       object  None         Column    dtype('int64')         None
1       open       object  None         Column  dtype('float64')         None
2       high       object  None         Column  dtype('float64')         None
3        low       object  None         Column  dtype('float64')         None
4      close       object  None         Column  dtype('float64')         None
5     volume       object  None         Column    dtype('int64')         None
_____________________ test_zero_persona_schema_validates ______________________
tests\integration\test_zero_persona_run.py:98: in test_zero_persona_schema_validates
    out = run_simulation(zero_persona_config, seed=42)
          ^^^^^^^^^^^^^^^^^^^^^^^^^^^^^^^^^^^^^^^^^^^^
src\core\simulation.py:494: in run_simulation
    io_utils.write_parquet(bars_df, run_dir / "ohlcv_bars.parquet", "ohlcv_bars", overwrite=True)
src\utils\io.py:76: in write_parquet
    validated_df = validate(df, schema_name)
                   ^^^^^^^^^^^^^^^^^^^^^^^^^
src\utils\schemas.py:420: in validate
    return schema_cls.validate(df, lazy=True)
           ^^^^^^^^^^^^^^^^^^^^^^^^^^^^^^^^^^
.venv\Lib\site-packages\pandera\api\pandas\model.py:251: in validate
    cls.to_schema().validate(
.venv\Lib\site-packages\pandera\api\pandas\container.py:218: in validate
    return self._validate(
.venv\Lib\site-packages\pandera\api\pandas\container.py:238: in _validate
    return self.get_backend(check_obj).validate(
.venv\Lib\site-packages\pandera\backends\pandas\container.py:150: in validate
    raise SchemaErrors(
E   pandera.errors.SchemaErrors: {
E       "SCHEMA": {
E           "WRONG_DATATYPE": [
E               {
E                   "schema": "ohlcv_bars",
E                   "column": "bar_start",
E                   "check": "dtype('int64')",
E                   "error": "expected series 'bar_start' to have type int64, got object"
E               },
E               {
E                   "schema": "ohlcv_bars",
E                   "column": "open",
E                   "check": "dtype('float64')",
E                   "error": "expected series 'open' to have type float64, got object"
E               },
E               {
E                   "schema": "ohlcv_bars",
E                   "column": "high",
E                   "check": "dtype('float64')",
E                   "error": "expected series 'high' to have type float64, got object"
E               },
E               {
E                   "schema": "ohlcv_bars",
E                   "column": "low",
E                   "check": "dtype('float64')",
E                   "error": "expected series 'low' to have type float64, got object"
E               },
E               {
E                   "schema": "ohlcv_bars",
E                   "column": "close",
E                   "check": "dtype('float64')",
E                   "error": "expected series 'close' to have type float64, got object"
E               },
E               {
E                   "schema": "ohlcv_bars",
E                   "column": "volume",
E                   "check": "dtype('int64')",
E                   "error": "expected series 'volume' to have type int64, got object"
E               }
E           ]
E       }
E   }
---------------------------- Captured stdout call -----------------------------
2026-09-14 11:56:01 | INFO     | src.core.simulation:377 | Starting simulation: run_id=20260914T062601Z_42, seed=42, n_ticks=200
2026-09-14 11:56:01 | INFO     | src.core.simulation:486 | Run complete: 0 trades, 0 order events, 0 manipulation episodes
2026-09-14 11:56:01 | ERROR    | src.utils.io:78 | Schema validation failed for 'ohlcv_bars' before write to C:\Users\harsh\AppData\Local\Temp\pytest-of-harsh\pytest-0\test_zero_persona_schema_valid0\runs\20260914T062601Z_42\ohlcv_bars.parquet:
      column failure_case index schema_context             check check_number
0  bar_start       object  None         Column    dtype('int64')         None
1       open       object  None         Column  dtype('float64')         None
2       high       object  None         Column  dtype('float64')         None
3        low       object  None         Column  dtype('float64')         None
4      close       object  None         Column  dtype('float64')         None
5     volume       object  None         Column    dtype('int64')         None
------------------------------ Captured log call ------------------------------
INFO     src.core.simulation:simulation.py:377 Starting simulation: run_id=20260914T062601Z_42, seed=42, n_ticks=200
INFO     src.core.simulation:simulation.py:486 Run complete: 0 trades, 0 order events, 0 manipulation episodes
ERROR    src.utils.io:io.py:78 Schema validation failed for 'ohlcv_bars' before write to C:\Users\harsh\AppData\Local\Temp\pytest-of-harsh\pytest-0\test_zero_persona_schema_valid0\runs\20260914T062601Z_42\ohlcv_bars.parquet:
      column failure_case index schema_context             check check_number
0  bar_start       object  None         Column    dtype('int64')         None
1       open       object  None         Column  dtype('float64')         None
2       high       object  None         Column  dtype('float64')         None
3        low       object  None         Column  dtype('float64')         None
4      close       object  None         Column  dtype('float64')         None
5     volume       object  None         Column    dtype('int64')         None
_________________________ test_order_log_schema_valid _________________________
tests\unit\test_schemas.py:66: in test_order_log_schema_valid
    OrderLogSchema.validate(df)
.venv\Lib\site-packages\pandera\api\pandas\model.py:251: in validate
    cls.to_schema().validate(
.venv\Lib\site-packages\pandera\api\pandas\container.py:218: in validate
    return self._validate(
.venv\Lib\site-packages\pandera\api\pandas\container.py:238: in _validate
    return self.get_backend(check_obj).validate(
.venv\Lib\site-packages\pandera\backends\pandas\container.py:122: in validate
    error_handler = self.run_checks_and_handle_errors(
.venv\Lib\site-packages\pandera\backends\pandas\container.py:209: in run_checks_and_handle_errors
    error_handler.collect_error(
.venv\Lib\site-packages\pandera\api\base\error_handler.py:117: in collect_error
    raise schema_error from original_exc
.venv\Lib\site-packages\pandera\backends\pandas\container.py:252: in run_schema_component_checks
    result = schema_component.validate(
.venv\Lib\site-packages\pandera\api\dataframe\components.py:148: in validate
    return self.get_backend(check_obj).validate(
.venv\Lib\site-packages\pandera\backends\pandas\components.py:156: in validate
    validated_column = validate_column(
.venv\Lib\site-packages\pandera\backends\pandas\components.py:107: in validate_column
    error_handler.collect_error(
.venv\Lib\site-packages\pandera\api\base\error_handler.py:117: in collect_error
    raise schema_error from original_exc
.venv\Lib\site-packages\pandera\backends\pandas\components.py:81: in validate_column
    validated_check_obj = super(ColumnBackend, self).validate(
.venv\Lib\site-packages\pandera\backends\pandas\array.py:139: in validate
    error_handler = self.run_checks_and_handle_errors(
.venv\Lib\site-packages\pandera\backends\pandas\array.py:203: in run_checks_and_handle_errors
    error_handler.collect_error(
.venv\Lib\site-packages\pandera\api\base\error_handler.py:117: in collect_error
    raise schema_error from original_exc
E   pandera.errors.SchemaError: expected series 'price' to have type float64, got object
_________________ test_manipulation_events_schema_empty_valid _________________
tests\unit\test_schemas.py:72: in test_manipulation_events_schema_empty_valid
    ManipulationEventsSchema.validate(df)
.venv\Lib\site-packages\pandera\api\pandas\model.py:251: in validate
    cls.to_schema().validate(
.venv\Lib\site-packages\pandera\api\pandas\container.py:218: in validate
    return self._validate(
.venv\Lib\site-packages\pandera\api\pandas\container.py:238: in _validate
    return self.get_backend(check_obj).validate(
.venv\Lib\site-packages\pandera\backends\pandas\container.py:122: in validate
    error_handler = self.run_checks_and_handle_errors(
.venv\Lib\site-packages\pandera\backends\pandas\container.py:209: in run_checks_and_handle_errors
    error_handler.collect_error(
.venv\Lib\site-packages\pandera\api\base\error_handler.py:117: in collect_error
    raise schema_error from original_exc
.venv\Lib\site-packages\pandera\backends\pandas\container.py:252: in run_schema_component_checks
    result = schema_component.validate(
.venv\Lib\site-packages\pandera\api\dataframe\components.py:148: in validate
    return self.get_backend(check_obj).validate(
.venv\Lib\site-packages\pandera\backends\pandas\components.py:156: in validate
    validated_column = validate_column(
.venv\Lib\site-packages\pandera\backends\pandas\components.py:107: in validate_column
    error_handler.collect_error(
.venv\Lib\site-packages\pandera\api\base\error_handler.py:117: in collect_error
    raise schema_error from original_exc
.venv\Lib\site-packages\pandera\backends\pandas\components.py:81: in validate_column
    validated_check_obj = super(ColumnBackend, self).validate(
.venv\Lib\site-packages\pandera\backends\pandas\array.py:139: in validate
    error_handler = self.run_checks_and_handle_errors(
.venv\Lib\site-packages\pandera\backends\pandas\array.py:203: in run_checks_and_handle_errors
    error_handler.collect_error(
.venv\Lib\site-packages\pandera\api\base\error_handler.py:117: in collect_error
    raise schema_error from original_exc
E   pandera.errors.SchemaError: expected series 'start_tick' to have type int64, got object
============================== warnings summary ===============================
.venv\Lib\site-packages\pandera\_pandas_deprecated.py:155
  C:\Users\harsh\Code\Veridex\.venv\Lib\site-packages\pandera\_pandas_deprecated.py:155: FutureWarning: Importing pandas-specific classes and functions from the
  top-level pandera module will be **removed in a future version of pandera**.
  If you're using pandera to validate pandas objects, we highly recommend updating
  your import:
  
  ```
  # old import
  import pandera as pa
  
  # new import
  import pandera.pandas as pa
  ```
  
  If you're using pandera to validate objects from other compatible libraries
  like pyspark or polars, see the supported libraries section of the documentation
  for more information on how to import pandera:
  
  https://pandera.readthedocs.io/en/stable/supported_libraries.html
  
  To disable this warning, set the environment variable:
  
  ```
  export DISABLE_PANDERA_IMPORT_WARNING=True
  ```
  
    warnings.warn(_future_warning, FutureWarning)

-- Docs: https://docs.pytest.org/en/stable/how-to/capture-warnings.html
=========================== short test summary info ===========================
FAILED tests/integration/test_simulation_reproducibility.py::test_byte_identical_trades_same_seed - pandera.errors.SchemaErrors: {
    "SCHEMA": {
        "WRONG_DATATYPE": [
            {
                "schema": "ohlcv_bars",
                "column": "bar_start",
                "check": "dtype('int64')",
                "error": "expected series 'bar_start' to have type int64, got object"
            },
            {
                "schema": "ohlcv_bars",
                "column": "open",
                "check": "dtype('float64')",
                "error": "expected series 'open' to have type float64, got object"
            },
            {
                "schema": "ohlcv_bars",
                "column": "high",
                "check": "dtype('float64')",
                "error": "expected series 'high' to have type float64, got object"
            },
            {
                "schema": "ohlcv_bars",
                "column": "low",
                "check": "dtype('float64')",
                "error": "expected series 'low' to have type float64, got object"
            },
            {
                "schema": "ohlcv_bars",
                "column": "close",
                "check": "dtype('float64')",
                "error": "expected series 'close' to have type float64, got object"
            },
            {
                "schema": "ohlcv_bars",
                "column": "volume",
                "check": "dtype('int64')",
                "error": "expected series 'volume' to have type int64, got object"
            }
        ]
    }
}
FAILED tests/integration/test_simulation_reproducibility.py::test_different_seeds_produce_different_trades - pandera.errors.SchemaErrors: {
    "SCHEMA": {
        "WRONG_DATATYPE": [
            {
                "schema": "ohlcv_bars",
                "column": "bar_start",
                "check": "dtype('int64')",
                "error": "expected series 'bar_start' to have type int64, got object"
            },
            {
                "schema": "ohlcv_bars",
                "column": "open",
                "check": "dtype('float64')",
                "error": "expected series 'open' to have type float64, got object"
            },
            {
                "schema": "ohlcv_bars",
                "column": "high",
                "check": "dtype('float64')",
                "error": "expected series 'high' to have type float64, got object"
            },
            {
                "schema": "ohlcv_bars",
                "column": "low",
                "check": "dtype('float64')",
                "error": "expected series 'low' to have type float64, got object"
            },
            {
                "schema": "ohlcv_bars",
                "column": "close",
                "check": "dtype('float64')",
                "error": "expected series 'close' to have type float64, got object"
            },
            {
                "schema": "ohlcv_bars",
                "column": "volume",
                "check": "dtype('int64')",
                "error": "expected series 'volume' to have type int64, got object"
            }
        ]
    }
}
FAILED tests/integration/test_simulation_reproducibility.py::test_ohlcv_reproducible_same_seed - pandera.errors.SchemaErrors: {
    "SCHEMA": {
        "WRONG_DATATYPE": [
            {
                "schema": "ohlcv_bars",
                "column": "bar_start",
                "check": "dtype('int64')",
                "error": "expected series 'bar_start' to have type int64, got object"
            },
            {
                "schema": "ohlcv_bars",
                "column": "open",
                "check": "dtype('float64')",
                "error": "expected series 'open' to have type float64, got object"
            },
            {
                "schema": "ohlcv_bars",
                "column": "high",
                "check": "dtype('float64')",
                "error": "expected series 'high' to have type float64, got object"
            },
            {
                "schema": "ohlcv_bars",
                "column": "low",
                "check": "dtype('float64')",
                "error": "expected series 'low' to have type float64, got object"
            },
            {
                "schema": "ohlcv_bars",
                "column": "close",
                "check": "dtype('float64')",
                "error": "expected series 'close' to have type float64, got object"
            },
            {
                "schema": "ohlcv_bars",
                "column": "volume",
                "check": "dtype('int64')",
                "error": "expected series 'volume' to have type int64, got object"
            }
        ]
    }
}
FAILED tests/integration/test_zero_persona_run.py::test_zero_persona_run_completes - pandera.errors.SchemaErrors: {
    "SCHEMA": {
        "WRONG_DATATYPE": [
            {
                "schema": "ohlcv_bars",
                "column": "bar_start",
                "check": "dtype('int64')",
                "error": "expected series 'bar_start' to have type int64, got object"
            },
            {
                "schema": "ohlcv_bars",
                "column": "open",
                "check": "dtype('float64')",
                "error": "expected series 'open' to have type float64, got object"
            },
            {
                "schema": "ohlcv_bars",
                "column": "high",
                "check": "dtype('float64')",
                "error": "expected series 'high' to have type float64, got object"
            },
            {
                "schema": "ohlcv_bars",
                "column": "low",
                "check": "dtype('float64')",
                "error": "expected series 'low' to have type float64, got object"
            },
            {
                "schema": "ohlcv_bars",
                "column": "close",
                "check": "dtype('float64')",
                "error": "expected series 'close' to have type float64, got object"
            },
            {
                "schema": "ohlcv_bars",
                "column": "volume",
                "check": "dtype('int64')",
                "error": "expected series 'volume' to have type int64, got object"
            }
        ]
    }
}
FAILED tests/integration/test_zero_persona_run.py::test_zero_persona_produces_valid_empty_manipulation_events - pandera.errors.SchemaErrors: {
    "SCHEMA": {
        "WRONG_DATATYPE": [
            {
                "schema": "ohlcv_bars",
                "column": "bar_start",
                "check": "dtype('int64')",
                "error": "expected series 'bar_start' to have type int64, got object"
            },
            {
                "schema": "ohlcv_bars",
                "column": "open",
                "check": "dtype('float64')",
                "error": "expected series 'open' to have type float64, got object"
            },
            {
                "schema": "ohlcv_bars",
                "column": "high",
                "check": "dtype('float64')",
                "error": "expected series 'high' to have type float64, got object"
            },
            {
                "schema": "ohlcv_bars",
                "column": "low",
                "check": "dtype('float64')",
                "error": "expected series 'low' to have type float64, got object"
            },
            {
                "schema": "ohlcv_bars",
                "column": "close",
                "check": "dtype('float64')",
                "error": "expected series 'close' to have type float64, got object"
            },
            {
                "schema": "ohlcv_bars",
                "column": "volume",
                "check": "dtype('int64')",
                "error": "expected series 'volume' to have type int64, got object"
            }
        ]
    }
}
FAILED tests/integration/test_zero_persona_run.py::test_zero_persona_trade_log_still_populated - pandera.errors.SchemaErrors: {
    "SCHEMA": {
        "WRONG_DATATYPE": [
            {
                "schema": "ohlcv_bars",
                "column": "bar_start",
                "check": "dtype('int64')",
                "error": "expected series 'bar_start' to have type int64, got object"
            },
            {
                "schema": "ohlcv_bars",
                "column": "open",
                "check": "dtype('float64')",
                "error": "expected series 'open' to have type float64, got object"
            },
            {
                "schema": "ohlcv_bars",
                "column": "high",
                "check": "dtype('float64')",
                "error": "expected series 'high' to have type float64, got object"
            },
            {
                "schema": "ohlcv_bars",
                "column": "low",
                "check": "dtype('float64')",
                "error": "expected series 'low' to have type float64, got object"
            },
            {
                "schema": "ohlcv_bars",
                "column": "close",
                "check": "dtype('float64')",
                "error": "expected series 'close' to have type float64, got object"
            },
            {
                "schema": "ohlcv_bars",
                "column": "volume",
                "check": "dtype('int64')",
                "error": "expected series 'volume' to have type int64, got object"
            }
        ]
    }
}
FAILED tests/integration/test_zero_persona_run.py::test_zero_persona_schema_validates - pandera.errors.SchemaErrors: {
    "SCHEMA": {
        "WRONG_DATATYPE": [
            {
                "schema": "ohlcv_bars",
                "column": "bar_start",
                "check": "dtype('int64')",
                "error": "expected series 'bar_start' to have type int64, got object"
            },
            {
                "schema": "ohlcv_bars",
                "column": "open",
                "check": "dtype('float64')",
                "error": "expected series 'open' to have type float64, got object"
            },
            {
                "schema": "ohlcv_bars",
                "column": "high",
                "check": "dtype('float64')",
                "error": "expected series 'high' to have type float64, got object"
            },
            {
                "schema": "ohlcv_bars",
                "column": "low",
                "check": "dtype('float64')",
                "error": "expected series 'low' to have type float64, got object"
            },
            {
                "schema": "ohlcv_bars",
                "column": "close",
                "check": "dtype('float64')",
                "error": "expected series 'close' to have type float64, got object"
            },
            {
                "schema": "ohlcv_bars",
                "column": "volume",
                "check": "dtype('int64')",
                "error": "expected series 'volume' to have type int64, got object"
            }
        ]
    }
}
FAILED tests/unit/test_schemas.py::test_order_log_schema_valid - pandera.errors.SchemaError: expected series 'price' to have type float64, got object
FAILED tests/unit/test_schemas.py::test_manipulation_events_schema_empty_valid - pandera.errors.SchemaError: expected series 'start_tick' to have type int64, got object
================== 9 failed, 57 passed, 1 warning in 30.54s ===================
